<?xml version="1.0" encoding="UTF-8"?>
<testsuite name="com.bejpark.springboot.HelloControllerTest" tests="2" skipped="0" failures="0" errors="0" timestamp="2021-08-03T10:43:10" hostname="BeJui-MacBookPro.local" time="0.276">
  <properties/>
  <testcase name="hello가_리턴된다" classname="com.bejpark.springboot.HelloControllerTest" time="0.203"/>
  <testcase name="helloDto가_리턴된다" classname="com.bejpark.springboot.HelloControllerTest" time="0.072"/>
  <system-out><![CDATA[19:43:08.396 [Test worker] DEBUG org.springframework.test.context.junit4.SpringJUnit4ClassRunner - SpringJUnit4ClassRunner constructor called with [class com.bejpark.springboot.HelloControllerTest]
19:43:08.403 [Test worker] DEBUG org.springframework.test.context.BootstrapUtils - Instantiating CacheAwareContextLoaderDelegate from class [org.springframework.test.context.cache.DefaultCacheAwareContextLoaderDelegate]
19:43:08.410 [Test worker] DEBUG org.springframework.test.context.BootstrapUtils - Instantiating BootstrapContext using constructor [public org.springframework.test.context.support.DefaultBootstrapContext(java.lang.Class,org.springframework.test.context.CacheAwareContextLoaderDelegate)]
19:43:08.426 [Test worker] DEBUG org.springframework.test.context.BootstrapUtils - Instantiating TestContextBootstrapper for test class [com.bejpark.springboot.HelloControllerTest] from class [org.springframework.boot.test.autoconfigure.web.servlet.WebMvcTestContextBootstrapper]
19:43:08.440 [Test worker] INFO org.springframework.boot.test.autoconfigure.web.servlet.WebMvcTestContextBootstrapper - Neither @ContextConfiguration nor @ContextHierarchy found for test class [com.bejpark.springboot.HelloControllerTest], using SpringBootContextLoader
19:43:08.443 [Test worker] DEBUG org.springframework.test.context.support.AbstractContextLoader - Did not detect default resource location for test class [com.bejpark.springboot.HelloControllerTest]: class path resource [com/bejpark/springboot/HelloControllerTest-context.xml] does not exist
19:43:08.443 [Test worker] DEBUG org.springframework.test.context.support.AbstractContextLoader - Did not detect default resource location for test class [com.bejpark.springboot.HelloControllerTest]: class path resource [com/bejpark/springboot/HelloControllerTestContext.groovy] does not exist
19:43:08.443 [Test worker] INFO org.springframework.test.context.support.AbstractContextLoader - Could not detect default resource locations for test class [com.bejpark.springboot.HelloControllerTest]: no resource found for suffixes {-context.xml, Context.groovy}.
19:43:08.444 [Test worker] INFO org.springframework.test.context.support.AnnotationConfigContextLoaderUtils - Could not detect default configuration classes for test class [com.bejpark.springboot.HelloControllerTest]: HelloControllerTest does not declare any static, non-private, non-final, nested classes annotated with @Configuration.
19:43:08.490 [Test worker] DEBUG org.springframework.test.context.support.ActiveProfilesUtils - Could not find an 'annotation declaring class' for annotation type [org.springframework.test.context.ActiveProfiles] and class [com.bejpark.springboot.HelloControllerTest]
19:43:08.539 [Test worker] DEBUG org.springframework.context.annotation.ClassPathScanningCandidateComponentProvider - Identified candidate component class: file [/Users/bejpark/Desktop/springboot/project1/springboot-webservice1/build/classes/java/main/com/bejpark/springboot/Application.class]
19:43:08.540 [Test worker] INFO org.springframework.boot.test.context.SpringBootTestContextBootstrapper - Found @SpringBootConfiguration com.bejpark.springboot.Application for test class com.bejpark.springboot.HelloControllerTest
19:43:08.542 [Test worker] DEBUG org.springframework.boot.test.autoconfigure.web.servlet.WebMvcTestContextBootstrapper - @TestExecutionListeners is not present for class [com.bejpark.springboot.HelloControllerTest]: using defaults.
19:43:08.542 [Test worker] INFO org.springframework.boot.test.autoconfigure.web.servlet.WebMvcTestContextBootstrapper - Loaded default TestExecutionListener class names from location [META-INF/spring.factories]: [org.springframework.security.test.context.support.WithSecurityContextTestExecutionListener, org.springframework.security.test.context.support.ReactorContextTestExecutionListener, org.springframework.boot.test.autoconfigure.restdocs.RestDocsTestExecutionListener, org.springframework.boot.test.autoconfigure.web.client.MockRestServiceServerResetTestExecutionListener, org.springframework.boot.test.autoconfigure.web.servlet.MockMvcPrintOnlyOnFailureTestExecutionListener, org.springframework.boot.test.autoconfigure.web.servlet.WebDriverTestExecutionListener, org.springframework.boot.test.mock.mockito.MockitoTestExecutionListener, org.springframework.boot.test.mock.mockito.ResetMocksTestExecutionListener, org.springframework.test.context.web.ServletTestExecutionListener, org.springframework.test.context.support.DirtiesContextBeforeModesTestExecutionListener, org.springframework.test.context.support.DependencyInjectionTestExecutionListener, org.springframework.test.context.support.DirtiesContextTestExecutionListener, org.springframework.test.context.transaction.TransactionalTestExecutionListener, org.springframework.test.context.jdbc.SqlScriptsTestExecutionListener]
19:43:08.556 [Test worker] INFO org.springframework.boot.test.autoconfigure.web.servlet.WebMvcTestContextBootstrapper - Using TestExecutionListeners: [org.springframework.test.context.web.ServletTestExecutionListener@aa59dcb, org.springframework.test.context.support.DirtiesContextBeforeModesTestExecutionListener@41628b87, org.springframework.boot.test.mock.mockito.MockitoTestExecutionListener@3259a2f0, org.springframework.boot.test.autoconfigure.SpringBootDependencyInjectionTestExecutionListener@a25f727, org.springframework.test.context.support.DirtiesContextTestExecutionListener@2cc8686d, org.springframework.test.context.transaction.TransactionalTestExecutionListener@79a3e0c0, org.springframework.test.context.jdbc.SqlScriptsTestExecutionListener@6128326, org.springframework.security.test.context.support.WithSecurityContextTestExecutionListener@232bc00c, org.springframework.security.test.context.support.ReactorContextTestExecutionListener@4ccf4f04, org.springframework.boot.test.autoconfigure.restdocs.RestDocsTestExecutionListener@2a0c03bd, org.springframework.boot.test.autoconfigure.web.client.MockRestServiceServerResetTestExecutionListener@3815be69, org.springframework.boot.test.autoconfigure.web.servlet.MockMvcPrintOnlyOnFailureTestExecutionListener@454332c7, org.springframework.boot.test.autoconfigure.web.servlet.WebDriverTestExecutionListener@73c2e204, org.springframework.boot.test.mock.mockito.ResetMocksTestExecutionListener@3999162a]
19:43:08.558 [Test worker] DEBUG org.springframework.test.annotation.ProfileValueUtils - Retrieved @ProfileValueSourceConfiguration [null] for test class [com.bejpark.springboot.HelloControllerTest]
19:43:08.558 [Test worker] DEBUG org.springframework.test.annotation.ProfileValueUtils - Retrieved ProfileValueSource type [class org.springframework.test.annotation.SystemProfileValueSource] for class [com.bejpark.springboot.HelloControllerTest]
19:43:08.559 [Test worker] DEBUG org.springframework.test.annotation.ProfileValueUtils - Retrieved @ProfileValueSourceConfiguration [null] for test class [com.bejpark.springboot.HelloControllerTest]
19:43:08.559 [Test worker] DEBUG org.springframework.test.annotation.ProfileValueUtils - Retrieved ProfileValueSource type [class org.springframework.test.annotation.SystemProfileValueSource] for class [com.bejpark.springboot.HelloControllerTest]
19:43:08.562 [Test worker] DEBUG org.springframework.test.context.support.AbstractDirtiesContextTestExecutionListener - Before test class: context [DefaultTestContext@19cceb03 testClass = HelloControllerTest, testInstance = [null], testMethod = [null], testException = [null], mergedContextConfiguration = [WebMergedContextConfiguration@52222004 testClass = HelloControllerTest, locations = '{}', classes = '{class com.bejpark.springboot.Application}', contextInitializerClasses = '[]', activeProfiles = '{}', propertySourceLocations = '{}', propertySourceProperties = '{org.springframework.boot.test.autoconfigure.web.servlet.WebMvcTestContextBootstrapper=true}', contextCustomizers = set[org.springframework.boot.test.autoconfigure.OverrideAutoConfigurationContextCustomizerFactory$DisableAutoConfigurationContextCustomizer@330dcec5, org.springframework.boot.test.autoconfigure.filter.TypeExcludeFiltersContextCustomizer@dafdb141, org.springframework.boot.test.autoconfigure.properties.PropertyMappingContextCustomizer@e2bcf405, org.springframework.boot.test.autoconfigure.web.servlet.WebDriverContextCustomizerFactory$Customizer@67b3f886, [ImportsContextCustomizer@8a035b3 key = [org.springframework.boot.autoconfigure.cache.CacheAutoConfiguration, org.springframework.boot.autoconfigure.context.MessageSourceAutoConfiguration, org.springframework.boot.autoconfigure.data.web.SpringDataWebAutoConfiguration, org.springframework.boot.autoconfigure.freemarker.FreeMarkerAutoConfiguration, org.springframework.boot.autoconfigure.groovy.template.GroovyTemplateAutoConfiguration, org.springframework.boot.autoconfigure.gson.GsonAutoConfiguration, org.springframework.boot.autoconfigure.hateoas.HypermediaAutoConfiguration, org.springframework.boot.autoconfigure.http.HttpMessageConvertersAutoConfiguration, org.springframework.boot.autoconfigure.jackson.JacksonAutoConfiguration, org.springframework.boot.autoconfigure.jsonb.JsonbAutoConfiguration, org.springframework.boot.autoconfigure.mustache.MustacheAutoConfiguration, org.springframework.boot.autoconfigure.task.TaskExecutionAutoConfiguration, org.springframework.boot.autoconfigure.thymeleaf.ThymeleafAutoConfiguration, org.springframework.boot.autoconfigure.validation.ValidationAutoConfiguration, org.springframework.boot.autoconfigure.web.servlet.error.ErrorMvcAutoConfiguration, org.springframework.boot.autoconfigure.web.servlet.WebMvcAutoConfiguration, org.springframework.boot.test.autoconfigure.web.servlet.MockMvcAutoConfiguration, org.springframework.boot.test.autoconfigure.web.servlet.MockMvcSecurityAutoConfiguration, org.springframework.boot.test.autoconfigure.web.servlet.MockMvcWebClientAutoConfiguration, org.springframework.boot.test.autoconfigure.web.servlet.MockMvcWebDriverAutoConfiguration]], org.springframework.boot.test.context.filter.ExcludeFilterContextCustomizer@4dbf77b6, org.springframework.boot.test.json.DuplicateJsonObjectContextCustomizerFactory$DuplicateJsonObjectContextCustomizer@af54ab3, org.springframework.boot.test.mock.mockito.MockitoContextCustomizer@0], resourceBasePath = 'src/main/webapp', contextLoader = 'org.springframework.boot.test.context.SpringBootContextLoader', parent = [null]], attributes = map[[empty]]], class annotated with @DirtiesContext [false] with mode [null].
19:43:08.562 [Test worker] DEBUG org.springframework.test.annotation.ProfileValueUtils - Retrieved @ProfileValueSourceConfiguration [null] for test class [com.bejpark.springboot.HelloControllerTest]
19:43:08.563 [Test worker] DEBUG org.springframework.test.annotation.ProfileValueUtils - Retrieved ProfileValueSource type [class org.springframework.test.annotation.SystemProfileValueSource] for class [com.bejpark.springboot.HelloControllerTest]
19:43:08.565 [Test worker] DEBUG org.springframework.test.context.support.DependencyInjectionTestExecutionListener - Performing dependency injection for test context [[DefaultTestContext@19cceb03 testClass = HelloControllerTest, testInstance = com.bejpark.springboot.HelloControllerTest@59b1b4fa, testMethod = [null], testException = [null], mergedContextConfiguration = [WebMergedContextConfiguration@52222004 testClass = HelloControllerTest, locations = '{}', classes = '{class com.bejpark.springboot.Application}', contextInitializerClasses = '[]', activeProfiles = '{}', propertySourceLocations = '{}', propertySourceProperties = '{org.springframework.boot.test.autoconfigure.web.servlet.WebMvcTestContextBootstrapper=true}', contextCustomizers = set[org.springframework.boot.test.autoconfigure.OverrideAutoConfigurationContextCustomizerFactory$DisableAutoConfigurationContextCustomizer@330dcec5, org.springframework.boot.test.autoconfigure.filter.TypeExcludeFiltersContextCustomizer@dafdb141, org.springframework.boot.test.autoconfigure.properties.PropertyMappingContextCustomizer@e2bcf405, org.springframework.boot.test.autoconfigure.web.servlet.WebDriverContextCustomizerFactory$Customizer@67b3f886, [ImportsContextCustomizer@8a035b3 key = [org.springframework.boot.autoconfigure.cache.CacheAutoConfiguration, org.springframework.boot.autoconfigure.context.MessageSourceAutoConfiguration, org.springframework.boot.autoconfigure.data.web.SpringDataWebAutoConfiguration, org.springframework.boot.autoconfigure.freemarker.FreeMarkerAutoConfiguration, org.springframework.boot.autoconfigure.groovy.template.GroovyTemplateAutoConfiguration, org.springframework.boot.autoconfigure.gson.GsonAutoConfiguration, org.springframework.boot.autoconfigure.hateoas.HypermediaAutoConfiguration, org.springframework.boot.autoconfigure.http.HttpMessageConvertersAutoConfiguration, org.springframework.boot.autoconfigure.jackson.JacksonAutoConfiguration, org.springframework.boot.autoconfigure.jsonb.JsonbAutoConfiguration, org.springframework.boot.autoconfigure.mustache.MustacheAutoConfiguration, org.springframework.boot.autoconfigure.task.TaskExecutionAutoConfiguration, org.springframework.boot.autoconfigure.thymeleaf.ThymeleafAutoConfiguration, org.springframework.boot.autoconfigure.validation.ValidationAutoConfiguration, org.springframework.boot.autoconfigure.web.servlet.error.ErrorMvcAutoConfiguration, org.springframework.boot.autoconfigure.web.servlet.WebMvcAutoConfiguration, org.springframework.boot.test.autoconfigure.web.servlet.MockMvcAutoConfiguration, org.springframework.boot.test.autoconfigure.web.servlet.MockMvcSecurityAutoConfiguration, org.springframework.boot.test.autoconfigure.web.servlet.MockMvcWebClientAutoConfiguration, org.springframework.boot.test.autoconfigure.web.servlet.MockMvcWebDriverAutoConfiguration]], org.springframework.boot.test.context.filter.ExcludeFilterContextCustomizer@4dbf77b6, org.springframework.boot.test.json.DuplicateJsonObjectContextCustomizerFactory$DuplicateJsonObjectContextCustomizer@af54ab3, org.springframework.boot.test.mock.mockito.MockitoContextCustomizer@0], resourceBasePath = 'src/main/webapp', contextLoader = 'org.springframework.boot.test.context.SpringBootContextLoader', parent = [null]], attributes = map[[empty]]]].
19:43:08.651 [Test worker] DEBUG org.springframework.test.context.support.TestPropertySourceUtils - Adding inlined properties to environment: {spring.jmx.enabled=false, org.springframework.boot.test.autoconfigure.web.servlet.WebMvcTestContextBootstrapper=true, server.port=-1}

  .   ____          _            __ _ _
 /\\ / ___'_ __ _ _(_)_ __  __ _ \ \ \ \
( ( )\___ | '_ | '_| | '_ \/ _` | \ \ \ \
 \\/  ___)| |_)| | | | | || (_| |  ) ) ) )
  '  |____| .__|_| |_|_| |_\__, | / / / /
 =========|_|==============|___/=/_/_/_/
 :: Spring Boot ::        (v2.1.7.RELEASE)

2021-08-03 19:43:08.847  INFO 23509 --- [    Test worker] c.b.springboot.HelloControllerTest       : Starting HelloControllerTest on BeJui-MacBookPro.local with PID 23509 (started by bejpark in /Users/bejpark/Desktop/springboot/project1/springboot-webservice1)
2021-08-03 19:43:08.848  INFO 23509 --- [    Test worker] c.b.springboot.HelloControllerTest       : The following profiles are active: oauth
2021-08-03 19:43:09.894  INFO 23509 --- [    Test worker] o.s.s.concurrent.ThreadPoolTaskExecutor  : Initializing ExecutorService 'applicationTaskExecutor'
2021-08-03 19:43:09.969  INFO 23509 --- [    Test worker] o.s.b.a.w.s.WelcomePageHandlerMapping    : Adding welcome page template: index
2021-08-03 19:43:10.187  INFO 23509 --- [    Test worker] .s.s.UserDetailsServiceAutoConfiguration : 

Using generated security password: 04ddae7f-0d61-4246-bc89-d6c3369ab9df

2021-08-03 19:43:10.410  INFO 23509 --- [    Test worker] o.s.s.web.DefaultSecurityFilterChain     : Creating filter chain: any request, [org.springframework.security.web.context.request.async.WebAsyncManagerIntegrationFilter@49a7de6, org.springframework.security.web.context.SecurityContextPersistenceFilter@6bd7acd5, org.springframework.security.web.header.HeaderWriterFilter@af0874e, org.springframework.security.web.csrf.CsrfFilter@687d97a6, org.springframework.security.web.authentication.logout.LogoutFilter@264f8858, org.springframework.security.web.authentication.UsernamePasswordAuthenticationFilter@309637a6, org.springframework.security.web.authentication.ui.DefaultLoginPageGeneratingFilter@1d1dea5a, org.springframework.security.web.authentication.ui.DefaultLogoutPageGeneratingFilter@49e17953, org.springframework.security.web.authentication.www.BasicAuthenticationFilter@43054f96, org.springframework.security.web.savedrequest.RequestCacheAwareFilter@258586f5, org.springframework.security.web.servletapi.SecurityContextHolderAwareRequestFilter@783e7574, org.springframework.security.web.authentication.AnonymousAuthenticationFilter@13c7759b, org.springframework.security.web.session.SessionManagementFilter@33987b6c, org.springframework.security.web.access.ExceptionTranslationFilter@42a8808c, org.springframework.security.web.access.intercept.FilterSecurityInterceptor@2280aa8e]
2021-08-03 19:43:10.450  INFO 23509 --- [    Test worker] o.s.b.t.m.w.SpringBootMockServletContext : Initializing Spring TestDispatcherServlet ''
2021-08-03 19:43:10.450  INFO 23509 --- [    Test worker] o.s.t.web.servlet.TestDispatcherServlet  : Initializing Servlet ''
2021-08-03 19:43:10.459  INFO 23509 --- [    Test worker] o.s.t.web.servlet.TestDispatcherServlet  : Completed initialization in 9 ms
2021-08-03 19:43:10.495  INFO 23509 --- [    Test worker] c.b.springboot.HelloControllerTest       : Started HelloControllerTest in 1.838 seconds (JVM running for 2.579)
]]></system-out>
  <system-err><![CDATA[]]></system-err>
</testsuite>
