<?xml version="1.0" encoding="UTF-8"?>
<testsuite name="com.bejpark.springboot.HelloControllerTest" tests="2" skipped="0" failures="0" errors="0" timestamp="2021-08-09T10:49:57" hostname="BeJui-MacBookPro.local" time="0.047">
  <properties/>
  <testcase name="hello가_리턴된다" classname="com.bejpark.springboot.HelloControllerTest" time="0.014"/>
  <testcase name="helloDto가_리턴된다" classname="com.bejpark.springboot.HelloControllerTest" time="0.032"/>
  <system-out><![CDATA[2021-08-09 19:49:57.003  INFO 4685 --- [    Test worker] .b.t.a.w.s.WebMvcTestContextBootstrapper : Neither @ContextConfiguration nor @ContextHierarchy found for test class [com.bejpark.springboot.HelloControllerTest], using SpringBootContextLoader
2021-08-09 19:49:57.004  INFO 4685 --- [    Test worker] o.s.t.c.support.AbstractContextLoader    : Could not detect default resource locations for test class [com.bejpark.springboot.HelloControllerTest]: no resource found for suffixes {-context.xml, Context.groovy}.
2021-08-09 19:49:57.004  INFO 4685 --- [    Test worker] t.c.s.AnnotationConfigContextLoaderUtils : Could not detect default configuration classes for test class [com.bejpark.springboot.HelloControllerTest]: HelloControllerTest does not declare any static, non-private, non-final, nested classes annotated with @Configuration.
2021-08-09 19:49:57.027  INFO 4685 --- [    Test worker] .b.t.c.SpringBootTestContextBootstrapper : Found @SpringBootConfiguration com.bejpark.springboot.Application for test class com.bejpark.springboot.HelloControllerTest
2021-08-09 19:49:57.028  INFO 4685 --- [    Test worker] .b.t.a.w.s.WebMvcTestContextBootstrapper : Loaded default TestExecutionListener class names from location [META-INF/spring.factories]: [org.springframework.security.test.context.support.WithSecurityContextTestExecutionListener, org.springframework.security.test.context.support.ReactorContextTestExecutionListener, org.springframework.boot.test.autoconfigure.restdocs.RestDocsTestExecutionListener, org.springframework.boot.test.autoconfigure.web.client.MockRestServiceServerResetTestExecutionListener, org.springframework.boot.test.autoconfigure.web.servlet.MockMvcPrintOnlyOnFailureTestExecutionListener, org.springframework.boot.test.autoconfigure.web.servlet.WebDriverTestExecutionListener, org.springframework.boot.test.mock.mockito.MockitoTestExecutionListener, org.springframework.boot.test.mock.mockito.ResetMocksTestExecutionListener, org.springframework.test.context.web.ServletTestExecutionListener, org.springframework.test.context.support.DirtiesContextBeforeModesTestExecutionListener, org.springframework.test.context.support.DependencyInjectionTestExecutionListener, org.springframework.test.context.support.DirtiesContextTestExecutionListener, org.springframework.test.context.transaction.TransactionalTestExecutionListener, org.springframework.test.context.jdbc.SqlScriptsTestExecutionListener]
2021-08-09 19:49:57.029  INFO 4685 --- [    Test worker] .b.t.a.w.s.WebMvcTestContextBootstrapper : Using TestExecutionListeners: [org.springframework.test.context.web.ServletTestExecutionListener@2f306477, org.springframework.test.context.support.DirtiesContextBeforeModesTestExecutionListener@4491d255, org.springframework.boot.test.mock.mockito.MockitoTestExecutionListener@6ba703f7, org.springframework.boot.test.autoconfigure.SpringBootDependencyInjectionTestExecutionListener@7ce3e2a1, org.springframework.test.context.support.DirtiesContextTestExecutionListener@505c3296, org.springframework.test.context.transaction.TransactionalTestExecutionListener@1a1541b2, org.springframework.test.context.jdbc.SqlScriptsTestExecutionListener@497e41bc, org.springframework.security.test.context.support.WithSecurityContextTestExecutionListener@2a6b44d8, org.springframework.security.test.context.support.ReactorContextTestExecutionListener@1b120b81, org.springframework.boot.test.autoconfigure.restdocs.RestDocsTestExecutionListener@2bbad180, org.springframework.boot.test.autoconfigure.web.client.MockRestServiceServerResetTestExecutionListener@10f206ea, org.springframework.boot.test.autoconfigure.web.servlet.MockMvcPrintOnlyOnFailureTestExecutionListener@60cfcda8, org.springframework.boot.test.autoconfigure.web.servlet.WebDriverTestExecutionListener@6b8a8c33, org.springframework.boot.test.mock.mockito.ResetMocksTestExecutionListener@16416613]

  .   ____          _            __ _ _
 /\\ / ___'_ __ _ _(_)_ __  __ _ \ \ \ \
( ( )\___ | '_ | '_| | '_ \/ _` | \ \ \ \
 \\/  ___)| |_)| | | | | || (_| |  ) ) ) )
  '  |____| .__|_| |_|_| |_\__, | / / / /
 =========|_|==============|___/=/_/_/_/
 :: Spring Boot ::        (v2.1.7.RELEASE)

2021-08-09 19:49:57.056  INFO 4685 --- [    Test worker] c.b.springboot.HelloControllerTest       : Starting HelloControllerTest on BeJui-MacBookPro.local with PID 4685 (started by bejpark in /Users/bejpark/Desktop/springboot/project1/springboot-webservice1)
2021-08-09 19:49:57.057  INFO 4685 --- [    Test worker] c.b.springboot.HelloControllerTest       : No active profile set, falling back to default profiles: default
2021-08-09 19:49:57.330  INFO 4685 --- [    Test worker] o.s.s.concurrent.ThreadPoolTaskExecutor  : Initializing ExecutorService 'applicationTaskExecutor'
2021-08-09 19:49:57.351  INFO 4685 --- [    Test worker] o.s.b.a.w.s.WelcomePageHandlerMapping    : Adding welcome page template: index
2021-08-09 19:49:57.462  INFO 4685 --- [    Test worker] .s.s.UserDetailsServiceAutoConfiguration : 

Using generated security password: c00c903c-ebf6-4ca5-8221-e7421a86e1bd

2021-08-09 19:49:57.554  INFO 4685 --- [    Test worker] o.s.s.web.DefaultSecurityFilterChain     : Creating filter chain: any request, [org.springframework.security.web.context.request.async.WebAsyncManagerIntegrationFilter@765243f, org.springframework.security.web.context.SecurityContextPersistenceFilter@566f6c6e, org.springframework.security.web.header.HeaderWriterFilter@4f17c7d8, org.springframework.security.web.csrf.CsrfFilter@be52b94, org.springframework.security.web.authentication.logout.LogoutFilter@11a62404, org.springframework.security.web.authentication.UsernamePasswordAuthenticationFilter@4b39077f, org.springframework.security.web.authentication.ui.DefaultLoginPageGeneratingFilter@cee6b41, org.springframework.security.web.authentication.ui.DefaultLogoutPageGeneratingFilter@701cf6d8, org.springframework.security.web.authentication.www.BasicAuthenticationFilter@22cde09f, org.springframework.security.web.savedrequest.RequestCacheAwareFilter@77d16254, org.springframework.security.web.servletapi.SecurityContextHolderAwareRequestFilter@6894271, org.springframework.security.web.authentication.AnonymousAuthenticationFilter@3d98395c, org.springframework.security.web.session.SessionManagementFilter@6d8cec25, org.springframework.security.web.access.ExceptionTranslationFilter@2640ebfc, org.springframework.security.web.access.intercept.FilterSecurityInterceptor@4add8a47]
2021-08-09 19:49:57.563  INFO 4685 --- [    Test worker] o.s.b.t.m.w.SpringBootMockServletContext : Initializing Spring TestDispatcherServlet ''
2021-08-09 19:49:57.563  INFO 4685 --- [    Test worker] o.s.t.web.servlet.TestDispatcherServlet  : Initializing Servlet ''
2021-08-09 19:49:57.571  INFO 4685 --- [    Test worker] o.s.t.web.servlet.TestDispatcherServlet  : Completed initialization in 8 ms
2021-08-09 19:49:57.591  INFO 4685 --- [    Test worker] c.b.springboot.HelloControllerTest       : Started HelloControllerTest in 0.558 seconds (JVM running for 8.03)
]]></system-out>
  <system-err><![CDATA[]]></system-err>
</testsuite>
