<?xml version="1.0" encoding="UTF-8"?>
<testsuite name="com.bejpark.springboot.web.PostsApiControllerTest" tests="2" skipped="0" failures="0" errors="0" timestamp="2021-08-09T10:49:55" hostname="BeJui-MacBookPro.local" time="0.275">
  <properties/>
  <testcase name="Posts_등록된다" classname="com.bejpark.springboot.web.PostsApiControllerTest" time="0.249"/>
  <testcase name="Posts_수정된다" classname="com.bejpark.springboot.web.PostsApiControllerTest" time="0.025"/>
  <system-out><![CDATA[2021-08-09 19:49:55.312  INFO 4685 --- [    Test worker] .b.t.c.SpringBootTestContextBootstrapper : Neither @ContextConfiguration nor @ContextHierarchy found for test class [com.bejpark.springboot.web.PostsApiControllerTest], using SpringBootContextLoader
2021-08-09 19:49:55.313  INFO 4685 --- [    Test worker] o.s.t.c.support.AbstractContextLoader    : Could not detect default resource locations for test class [com.bejpark.springboot.web.PostsApiControllerTest]: no resource found for suffixes {-context.xml, Context.groovy}.
2021-08-09 19:49:55.313  INFO 4685 --- [    Test worker] t.c.s.AnnotationConfigContextLoaderUtils : Could not detect default configuration classes for test class [com.bejpark.springboot.web.PostsApiControllerTest]: PostsApiControllerTest does not declare any static, non-private, non-final, nested classes annotated with @Configuration.
2021-08-09 19:49:55.315  INFO 4685 --- [    Test worker] .b.t.c.SpringBootTestContextBootstrapper : Found @SpringBootConfiguration com.bejpark.springboot.Application for test class com.bejpark.springboot.web.PostsApiControllerTest
2021-08-09 19:49:55.315  INFO 4685 --- [    Test worker] .b.t.c.SpringBootTestContextBootstrapper : Loaded default TestExecutionListener class names from location [META-INF/spring.factories]: [org.springframework.security.test.context.support.WithSecurityContextTestExecutionListener, org.springframework.security.test.context.support.ReactorContextTestExecutionListener, org.springframework.boot.test.autoconfigure.restdocs.RestDocsTestExecutionListener, org.springframework.boot.test.autoconfigure.web.client.MockRestServiceServerResetTestExecutionListener, org.springframework.boot.test.autoconfigure.web.servlet.MockMvcPrintOnlyOnFailureTestExecutionListener, org.springframework.boot.test.autoconfigure.web.servlet.WebDriverTestExecutionListener, org.springframework.boot.test.mock.mockito.MockitoTestExecutionListener, org.springframework.boot.test.mock.mockito.ResetMocksTestExecutionListener, org.springframework.test.context.web.ServletTestExecutionListener, org.springframework.test.context.support.DirtiesContextBeforeModesTestExecutionListener, org.springframework.test.context.support.DependencyInjectionTestExecutionListener, org.springframework.test.context.support.DirtiesContextTestExecutionListener, org.springframework.test.context.transaction.TransactionalTestExecutionListener, org.springframework.test.context.jdbc.SqlScriptsTestExecutionListener]
2021-08-09 19:49:55.316  INFO 4685 --- [    Test worker] .b.t.c.SpringBootTestContextBootstrapper : Using TestExecutionListeners: [org.springframework.test.context.web.ServletTestExecutionListener@47fa67cb, org.springframework.test.context.support.DirtiesContextBeforeModesTestExecutionListener@7e511d4f, org.springframework.boot.test.mock.mockito.MockitoTestExecutionListener@dd5625f, org.springframework.boot.test.autoconfigure.SpringBootDependencyInjectionTestExecutionListener@7aac720f, org.springframework.test.context.support.DirtiesContextTestExecutionListener@6efc86ae, org.springframework.test.context.transaction.TransactionalTestExecutionListener@18b1455b, org.springframework.test.context.jdbc.SqlScriptsTestExecutionListener@3ed01b88, org.springframework.security.test.context.support.WithSecurityContextTestExecutionListener@27f53a57, org.springframework.security.test.context.support.ReactorContextTestExecutionListener@2d3611f1, org.springframework.boot.test.autoconfigure.restdocs.RestDocsTestExecutionListener@3f3f0291, org.springframework.boot.test.autoconfigure.web.client.MockRestServiceServerResetTestExecutionListener@10d52a5, org.springframework.boot.test.autoconfigure.web.servlet.MockMvcPrintOnlyOnFailureTestExecutionListener@f24f751, org.springframework.boot.test.autoconfigure.web.servlet.WebDriverTestExecutionListener@1280d6dd, org.springframework.boot.test.mock.mockito.ResetMocksTestExecutionListener@556c7596]
2021-08-09 19:49:55.332  INFO 4685 --- [    Test worker] o.a.c.c.C.[Tomcat].[localhost].[/]       : Initializing Spring TestDispatcherServlet ''
2021-08-09 19:49:55.332  INFO 4685 --- [    Test worker] o.s.t.web.servlet.TestDispatcherServlet  : Initializing Servlet ''
2021-08-09 19:49:55.335  INFO 4685 --- [    Test worker] o.s.t.web.servlet.TestDispatcherServlet  : Completed initialization in 3 ms
Hibernate: insert into posts (create_date, modified_date, author, content, title) values (?, ?, ?, ?, ?)
Hibernate: select posts0_.id as id1_0_, posts0_.create_date as create_d2_0_, posts0_.modified_date as modified3_0_, posts0_.author as author4_0_, posts0_.content as content5_0_, posts0_.title as title6_0_ from posts posts0_
Hibernate: select posts0_.id as id1_0_, posts0_.create_date as create_d2_0_, posts0_.modified_date as modified3_0_, posts0_.author as author4_0_, posts0_.content as content5_0_, posts0_.title as title6_0_ from posts posts0_
Hibernate: delete from posts where id=?
2021-08-09 19:49:55.571  INFO 4685 --- [    Test worker] o.a.c.c.C.[Tomcat].[localhost].[/]       : Initializing Spring TestDispatcherServlet ''
2021-08-09 19:49:55.571  INFO 4685 --- [    Test worker] o.s.t.web.servlet.TestDispatcherServlet  : Initializing Servlet ''
2021-08-09 19:49:55.573  INFO 4685 --- [    Test worker] o.s.t.web.servlet.TestDispatcherServlet  : Completed initialization in 2 ms
Hibernate: insert into posts (create_date, modified_date, author, content, title) values (?, ?, ?, ?, ?)
Hibernate: select posts0_.id as id1_0_0_, posts0_.create_date as create_d2_0_0_, posts0_.modified_date as modified3_0_0_, posts0_.author as author4_0_0_, posts0_.content as content5_0_0_, posts0_.title as title6_0_0_ from posts posts0_ where posts0_.id=?
Hibernate: update posts set create_date=?, modified_date=?, author=?, content=?, title=? where id=?
Hibernate: select posts0_.id as id1_0_, posts0_.create_date as create_d2_0_, posts0_.modified_date as modified3_0_, posts0_.author as author4_0_, posts0_.content as content5_0_, posts0_.title as title6_0_ from posts posts0_
Hibernate: select posts0_.id as id1_0_, posts0_.create_date as create_d2_0_, posts0_.modified_date as modified3_0_, posts0_.author as author4_0_, posts0_.content as content5_0_, posts0_.title as title6_0_ from posts posts0_
Hibernate: delete from posts where id=?
]]></system-out>
  <system-err><![CDATA[]]></system-err>
</testsuite>
